0 info it worked if it ends with ok
1 verbose cli [ 'C:\\Program Files\\nodejs\\\\node.exe',
1 verbose cli   'C:\\Program Files\\nodejs\\node_modules\\npm\\bin\\npm-cli.js',
1 verbose cli   'install',
1 verbose cli   '-g',
1 verbose cli   'browerify' ]
2 info using npm@1.4.28
3 info using node@v0.10.32
4 verbose node symlink C:\Program Files\nodejs\\node.exe
5 verbose cache add [ 'browerify', null ]
6 verbose cache add name=undefined spec="browerify" args=["browerify",null]
7 verbose parsed url { protocol: null,
7 verbose parsed url   slashes: null,
7 verbose parsed url   auth: null,
7 verbose parsed url   host: null,
7 verbose parsed url   port: null,
7 verbose parsed url   hostname: null,
7 verbose parsed url   hash: null,
7 verbose parsed url   search: null,
7 verbose parsed url   query: null,
7 verbose parsed url   pathname: 'browerify',
7 verbose parsed url   path: 'browerify',
7 verbose parsed url   href: 'browerify' }
8 silly lockFile 350e5487-browerify browerify
9 verbose lock browerify C:\Users\rotoshine\AppData\Roaming\npm-cache\350e5487-browerify.lock
10 silly lockFile 350e5487-browerify browerify
11 silly lockFile 350e5487-browerify browerify
12 verbose addNamed [ 'browerify', '' ]
13 verbose addNamed [ null, '*' ]
14 silly lockFile f16caac6-browerify browerify@
15 verbose lock browerify@ C:\Users\rotoshine\AppData\Roaming\npm-cache\f16caac6-browerify.lock
16 silly addNameRange { name: 'browerify', range: '*', hasData: false }
17 verbose request where is /browerify
18 verbose request registry https://registry.npmjs.org/
19 verbose request id 27f1096dd514b5fe
20 verbose url raw /browerify
21 verbose url resolving [ 'https://registry.npmjs.org/', './browerify' ]
22 verbose url resolved https://registry.npmjs.org/browerify
23 verbose request where is https://registry.npmjs.org/browerify
24 info trying registry request attempt 1 at 19:19:36
25 http GET https://registry.npmjs.org/browerify
26 http 404 https://registry.npmjs.org/browerify
27 verbose headers { date: 'Sat, 07 Mar 2015 10:19:37 GMT',
27 verbose headers   server: 'CouchDB/1.5.0 (Erlang OTP/R16B03)',
27 verbose headers   'content-type': 'application/json',
27 verbose headers   'cache-control': 'max-age=0',
27 verbose headers   'content-length': '52',
27 verbose headers   'accept-ranges': 'bytes',
27 verbose headers   via: '1.1 varnish',
27 verbose headers   age: '0',
27 verbose headers   'x-served-by': 'cache-nrt6134-NRT',
27 verbose headers   'x-cache': 'MISS',
27 verbose headers   'x-cache-hits': '0',
27 verbose headers   'x-timer': 'S1425723576.490114,VS0,VE699',
27 verbose headers   'keep-alive': 'timeout=10, max=50',
27 verbose headers   connection: 'Keep-Alive' }
28 silly registry.get cb [ 404,
28 silly registry.get   { date: 'Sat, 07 Mar 2015 10:19:37 GMT',
28 silly registry.get     server: 'CouchDB/1.5.0 (Erlang OTP/R16B03)',
28 silly registry.get     'content-type': 'application/json',
28 silly registry.get     'cache-control': 'max-age=0',
28 silly registry.get     'content-length': '52',
28 silly registry.get     'accept-ranges': 'bytes',
28 silly registry.get     via: '1.1 varnish',
28 silly registry.get     age: '0',
28 silly registry.get     'x-served-by': 'cache-nrt6134-NRT',
28 silly registry.get     'x-cache': 'MISS',
28 silly registry.get     'x-cache-hits': '0',
28 silly registry.get     'x-timer': 'S1425723576.490114,VS0,VE699',
28 silly registry.get     'keep-alive': 'timeout=10, max=50',
28 silly registry.get     connection: 'Keep-Alive' } ]
29 silly lockFile f16caac6-browerify browerify@
30 silly lockFile f16caac6-browerify browerify@
31 error 404 404 Not Found: browerify
31 error 404
31 error 404 'browerify' is not in the npm registry.
31 error 404 You should bug the author to publish it
31 error 404
31 error 404 Note that you can also install from a
31 error 404 tarball, folder, or http url, or git url.
32 error System Windows_NT 6.2.9200
33 error command "C:\\Program Files\\nodejs\\\\node.exe" "C:\\Program Files\\nodejs\\node_modules\\npm\\bin\\npm-cli.js" "install" "-g" "browerify"
34 error cwd L:\workspace\nodejs\jjalbang_maker
35 error node -v v0.10.32
36 error npm -v 1.4.28
37 error code E404
38 verbose exit [ 1, true ]
